<?xml version="1.0" encoding="UTF-8"?>
<!-- Generated by org.testng.reporters.JUnitReportReporter -->
<testsuite hostname="LAPTOP-L53CQVK8" failures="0" tests="1" name="SeleniumBasics.SeleniumPractics" time="4.284" errors="0" timestamp="2023-12-28T21:34:21 IST" skipped="0">
  <testcase classname="SeleniumBasics.SeleniumPractics" name="SeleniumBasics" time="4.284"/>
</testsuite> <!-- SeleniumBasics.SeleniumPractics -->
