<?xml version="1.0" encoding="UTF-8"?>
<!-- Generated by org.testng.reporters.JUnitReportReporter -->
<testsuite hostname="LAPTOP-L53CQVK8" failures="0" tests="1" name="SeleniumBasics.Selenium_Commands" time="6.651" errors="0" timestamp="2023-12-27T06:51:01 IST" skipped="0">
  <testcase classname="SeleniumBasics.Selenium_Commands" name="setUp" time="6.651"/>
</testsuite> <!-- SeleniumBasics.Selenium_Commands -->
