<?xml version="1.0" encoding="UTF-8"?>
<!-- Generated by org.testng.reporters.JUnitReportReporter -->
<testsuite hostname="LAPTOP-L53CQVK8" failures="0" tests="1" name="SeleniumBasics.Class2" time="0.018" errors="0" timestamp="2023-12-21T06:57:14 IST" skipped="0">
  <testcase classname="SeleniumBasics.Class2" name="Login" time="0.018"/>
</testsuite> <!-- SeleniumBasics.Class2 -->
